<?xml version="1.0" encoding="UTF-8"?>
<testsuite xmlns:xsi="http://www.w3.org/2001/XMLSchema-instance" xsi:noNamespaceSchemaLocation="https://maven.apache.org/surefire/maven-surefire-plugin/xsd/surefire-test-report-3.0.xsd" version="3.0" name="qa.auto.rest.tests.CrudTest" time="15.234" tests="2" errors="0" skipped="0" failures="1">
  <properties>
    <property name="java.specification.version" value="13"/>
    <property name="sun.cpu.isalist" value="amd64"/>
    <property name="sun.jnu.encoding" value="Cp1252"/>
    <property name="java.class.path" value="F:\RestAssured\RestFramework2\target\test-classes;F:\RestAssured\RestFramework2\target\classes;C:\Users\DEEPA KHANNA\.m2\repository\io\qameta\allure\allure-junit4\2.12.1\allure-junit4-2.12.1.jar;C:\Users\DEEPA KHANNA\.m2\repository\io\qameta\allure\allure-java-commons\2.12.1\allure-java-commons-2.12.1.jar;C:\Users\DEEPA KHANNA\.m2\repository\io\qameta\allure\allure-model\2.12.1\allure-model-2.12.1.jar;C:\Users\DEEPA KHANNA\.m2\repository\org\apache\tika\tika-core\1.20\tika-core-1.20.jar;C:\Users\DEEPA KHANNA\.m2\repository\org\jooq\joor-java-8\0.9.10\joor-java-8-0.9.10.jar;C:\Users\DEEPA KHANNA\.m2\repository\junit\junit\4.12\junit-4.12.jar;C:\Users\DEEPA KHANNA\.m2\repository\org\slf4j\slf4j-api\1.7.5\slf4j-api-1.7.5.jar;C:\Users\DEEPA KHANNA\.m2\repository\org\slf4j\slf4j-log4j12\1.7.5\slf4j-log4j12-1.7.5.jar;C:\Users\DEEPA KHANNA\.m2\repository\log4j\log4j\1.2.17\log4j-1.2.17.jar;C:\Users\DEEPA KHANNA\.m2\repository\io\rest-assured\rest-assured\3.3.0\rest-assured-3.3.0.jar;C:\Users\DEEPA KHANNA\.m2\repository\org\codehaus\groovy\groovy\2.4.15\groovy-2.4.15.jar;C:\Users\DEEPA KHANNA\.m2\repository\org\codehaus\groovy\groovy-xml\2.4.15\groovy-xml-2.4.15.jar;C:\Users\DEEPA KHANNA\.m2\repository\org\apache\httpcomponents\httpclient\4.5.3\httpclient-4.5.3.jar;C:\Users\DEEPA KHANNA\.m2\repository\org\apache\httpcomponents\httpcore\4.4.6\httpcore-4.4.6.jar;C:\Users\DEEPA KHANNA\.m2\repository\commons-logging\commons-logging\1.2\commons-logging-1.2.jar;C:\Users\DEEPA KHANNA\.m2\repository\commons-codec\commons-codec\1.9\commons-codec-1.9.jar;C:\Users\DEEPA KHANNA\.m2\repository\org\apache\httpcomponents\httpmime\4.5.3\httpmime-4.5.3.jar;C:\Users\DEEPA KHANNA\.m2\repository\org\hamcrest\hamcrest-library\1.3\hamcrest-library-1.3.jar;C:\Users\DEEPA KHANNA\.m2\repository\org\ccil\cowan\tagsoup\tagsoup\1.2.1\tagsoup-1.2.1.jar;C:\Users\DEEPA KHANNA\.m2\repository\io\rest-assured\json-path\3.3.0\json-path-3.3.0.jar;C:\Users\DEEPA KHANNA\.m2\repository\org\codehaus\groovy\groovy-json\2.4.15\groovy-json-2.4.15.jar;C:\Users\DEEPA KHANNA\.m2\repository\io\rest-assured\rest-assured-common\3.3.0\rest-assured-common-3.3.0.jar;C:\Users\DEEPA KHANNA\.m2\repository\io\rest-assured\xml-path\3.3.0\xml-path-3.3.0.jar;C:\Users\DEEPA KHANNA\.m2\repository\javax\xml\bind\jaxb-api\2.2.12\jaxb-api-2.2.12.jar;C:\Users\DEEPA KHANNA\.m2\repository\com\sun\xml\bind\jaxb-osgi\2.2.10\jaxb-osgi-2.2.10.jar;C:\Users\DEEPA KHANNA\.m2\repository\org\apache\sling\org.apache.sling.javax.activation\0.1.0\org.apache.sling.javax.activation-0.1.0.jar;C:\Users\DEEPA KHANNA\.m2\repository\javax\activation\activation\1.1.1\activation-1.1.1.jar;C:\Users\DEEPA KHANNA\.m2\repository\io\qameta\allure\allure-rest-assured\2.12.1\allure-rest-assured-2.12.1.jar;C:\Users\DEEPA KHANNA\.m2\repository\io\qameta\allure\allure-attachments\2.12.1\allure-attachments-2.12.1.jar;C:\Users\DEEPA KHANNA\.m2\repository\org\freemarker\freemarker\2.3.28\freemarker-2.3.28.jar;C:\Users\DEEPA KHANNA\.m2\repository\org\hamcrest\hamcrest-all\1.3\hamcrest-all-1.3.jar;C:\Users\DEEPA KHANNA\.m2\repository\org\hamcrest\hamcrest-core\2.1\hamcrest-core-2.1.jar;C:\Users\DEEPA KHANNA\.m2\repository\org\hamcrest\hamcrest\2.1\hamcrest-2.1.jar;C:\Users\DEEPA KHANNA\.m2\repository\com\fasterxml\jackson\core\jackson-databind\2.9.9.3\jackson-databind-2.9.9.3.jar;C:\Users\DEEPA KHANNA\.m2\repository\com\fasterxml\jackson\core\jackson-annotations\2.9.0\jackson-annotations-2.9.0.jar;C:\Users\DEEPA KHANNA\.m2\repository\com\fasterxml\jackson\core\jackson-core\2.9.9\jackson-core-2.9.9.jar;C:\Users\DEEPA KHANNA\.m2\repository\org\skyscreamer\jsonassert\1.5.0\jsonassert-1.5.0.jar;C:\Users\DEEPA KHANNA\.m2\repository\com\vaadin\external\google\android-json\0.0.20131108.vaadin1\android-json-0.0.20131108.vaadin1.jar;C:\Users\DEEPA KHANNA\.m2\repository\com\github\javafaker\javafaker\1.0.1\javafaker-1.0.1.jar;C:\Users\DEEPA KHANNA\.m2\repository\org\apache\commons\commons-lang3\3.5\commons-lang3-3.5.jar;C:\Users\DEEPA KHANNA\.m2\repository\org\yaml\snakeyaml\1.23\snakeyaml-1.23-android.jar;C:\Users\DEEPA KHANNA\.m2\repository\com\github\mifmif\generex\1.0.2\generex-1.0.2.jar;C:\Users\DEEPA KHANNA\.m2\repository\dk\brics\automaton\automaton\1.11-8\automaton-1.11-8.jar;C:\Users\DEEPA KHANNA\.m2\repository\com\tngtech\java\junit-dataprovider\1.13.1\junit-dataprovider-1.13.1.jar;C:\Users\DEEPA KHANNA\.m2\repository\org\projectlombok\lombok\1.18.12\lombok-1.18.12.jar;"/>
    <property name="java.vm.vendor" value="Oracle Corporation"/>
    <property name="sun.arch.data.model" value="64"/>
    <property name="user.variant" value=""/>
    <property name="java.vendor.url" value="https://java.oracle.com/"/>
    <property name="user.timezone" value="Asia/Calcutta"/>
    <property name="os.name" value="Windows 10"/>
    <property name="java.vm.specification.version" value="13"/>
    <property name="sun.java.launcher" value="SUN_STANDARD"/>
    <property name="user.country" value="IN"/>
    <property name="group" value="qa.auto.rest.tags.Regression"/>
    <property name="sun.boot.library.path" value="C:\Program Files\Java\jdk-13\bin"/>
    <property name="sun.java.command" value="C:\Users\DEEPA KHANNA\AppData\Local\Temp\surefire1952051899914608441\surefirebooter3208620588966047666.jar C:\Users\DEEPA KHANNA\AppData\Local\Temp\surefire1952051899914608441 2020-09-13T18-50-26_055-jvmRun1 surefire17706027208786662418tmp surefire_011079900558493633769tmp"/>
    <property name="jdk.debug" value="release"/>
    <property name="surefire.test.class.path" value="F:\RestAssured\RestFramework2\target\test-classes;F:\RestAssured\RestFramework2\target\classes;C:\Users\DEEPA KHANNA\.m2\repository\io\qameta\allure\allure-junit4\2.12.1\allure-junit4-2.12.1.jar;C:\Users\DEEPA KHANNA\.m2\repository\io\qameta\allure\allure-java-commons\2.12.1\allure-java-commons-2.12.1.jar;C:\Users\DEEPA KHANNA\.m2\repository\io\qameta\allure\allure-model\2.12.1\allure-model-2.12.1.jar;C:\Users\DEEPA KHANNA\.m2\repository\org\apache\tika\tika-core\1.20\tika-core-1.20.jar;C:\Users\DEEPA KHANNA\.m2\repository\org\jooq\joor-java-8\0.9.10\joor-java-8-0.9.10.jar;C:\Users\DEEPA KHANNA\.m2\repository\junit\junit\4.12\junit-4.12.jar;C:\Users\DEEPA KHANNA\.m2\repository\org\slf4j\slf4j-api\1.7.5\slf4j-api-1.7.5.jar;C:\Users\DEEPA KHANNA\.m2\repository\org\slf4j\slf4j-log4j12\1.7.5\slf4j-log4j12-1.7.5.jar;C:\Users\DEEPA KHANNA\.m2\repository\log4j\log4j\1.2.17\log4j-1.2.17.jar;C:\Users\DEEPA KHANNA\.m2\repository\io\rest-assured\rest-assured\3.3.0\rest-assured-3.3.0.jar;C:\Users\DEEPA KHANNA\.m2\repository\org\codehaus\groovy\groovy\2.4.15\groovy-2.4.15.jar;C:\Users\DEEPA KHANNA\.m2\repository\org\codehaus\groovy\groovy-xml\2.4.15\groovy-xml-2.4.15.jar;C:\Users\DEEPA KHANNA\.m2\repository\org\apache\httpcomponents\httpclient\4.5.3\httpclient-4.5.3.jar;C:\Users\DEEPA KHANNA\.m2\repository\org\apache\httpcomponents\httpcore\4.4.6\httpcore-4.4.6.jar;C:\Users\DEEPA KHANNA\.m2\repository\commons-logging\commons-logging\1.2\commons-logging-1.2.jar;C:\Users\DEEPA KHANNA\.m2\repository\commons-codec\commons-codec\1.9\commons-codec-1.9.jar;C:\Users\DEEPA KHANNA\.m2\repository\org\apache\httpcomponents\httpmime\4.5.3\httpmime-4.5.3.jar;C:\Users\DEEPA KHANNA\.m2\repository\org\hamcrest\hamcrest-library\1.3\hamcrest-library-1.3.jar;C:\Users\DEEPA KHANNA\.m2\repository\org\ccil\cowan\tagsoup\tagsoup\1.2.1\tagsoup-1.2.1.jar;C:\Users\DEEPA KHANNA\.m2\repository\io\rest-assured\json-path\3.3.0\json-path-3.3.0.jar;C:\Users\DEEPA KHANNA\.m2\repository\org\codehaus\groovy\groovy-json\2.4.15\groovy-json-2.4.15.jar;C:\Users\DEEPA KHANNA\.m2\repository\io\rest-assured\rest-assured-common\3.3.0\rest-assured-common-3.3.0.jar;C:\Users\DEEPA KHANNA\.m2\repository\io\rest-assured\xml-path\3.3.0\xml-path-3.3.0.jar;C:\Users\DEEPA KHANNA\.m2\repository\javax\xml\bind\jaxb-api\2.2.12\jaxb-api-2.2.12.jar;C:\Users\DEEPA KHANNA\.m2\repository\com\sun\xml\bind\jaxb-osgi\2.2.10\jaxb-osgi-2.2.10.jar;C:\Users\DEEPA KHANNA\.m2\repository\org\apache\sling\org.apache.sling.javax.activation\0.1.0\org.apache.sling.javax.activation-0.1.0.jar;C:\Users\DEEPA KHANNA\.m2\repository\javax\activation\activation\1.1.1\activation-1.1.1.jar;C:\Users\DEEPA KHANNA\.m2\repository\io\qameta\allure\allure-rest-assured\2.12.1\allure-rest-assured-2.12.1.jar;C:\Users\DEEPA KHANNA\.m2\repository\io\qameta\allure\allure-attachments\2.12.1\allure-attachments-2.12.1.jar;C:\Users\DEEPA KHANNA\.m2\repository\org\freemarker\freemarker\2.3.28\freemarker-2.3.28.jar;C:\Users\DEEPA KHANNA\.m2\repository\org\hamcrest\hamcrest-all\1.3\hamcrest-all-1.3.jar;C:\Users\DEEPA KHANNA\.m2\repository\org\hamcrest\hamcrest-core\2.1\hamcrest-core-2.1.jar;C:\Users\DEEPA KHANNA\.m2\repository\org\hamcrest\hamcrest\2.1\hamcrest-2.1.jar;C:\Users\DEEPA KHANNA\.m2\repository\com\fasterxml\jackson\core\jackson-databind\2.9.9.3\jackson-databind-2.9.9.3.jar;C:\Users\DEEPA KHANNA\.m2\repository\com\fasterxml\jackson\core\jackson-annotations\2.9.0\jackson-annotations-2.9.0.jar;C:\Users\DEEPA KHANNA\.m2\repository\com\fasterxml\jackson\core\jackson-core\2.9.9\jackson-core-2.9.9.jar;C:\Users\DEEPA KHANNA\.m2\repository\org\skyscreamer\jsonassert\1.5.0\jsonassert-1.5.0.jar;C:\Users\DEEPA KHANNA\.m2\repository\com\vaadin\external\google\android-json\0.0.20131108.vaadin1\android-json-0.0.20131108.vaadin1.jar;C:\Users\DEEPA KHANNA\.m2\repository\com\github\javafaker\javafaker\1.0.1\javafaker-1.0.1.jar;C:\Users\DEEPA KHANNA\.m2\repository\org\apache\commons\commons-lang3\3.5\commons-lang3-3.5.jar;C:\Users\DEEPA KHANNA\.m2\repository\org\yaml\snakeyaml\1.23\snakeyaml-1.23-android.jar;C:\Users\DEEPA KHANNA\.m2\repository\com\github\mifmif\generex\1.0.2\generex-1.0.2.jar;C:\Users\DEEPA KHANNA\.m2\repository\dk\brics\automaton\automaton\1.11-8\automaton-1.11-8.jar;C:\Users\DEEPA KHANNA\.m2\repository\com\tngtech\java\junit-dataprovider\1.13.1\junit-dataprovider-1.13.1.jar;C:\Users\DEEPA KHANNA\.m2\repository\org\projectlombok\lombok\1.18.12\lombok-1.18.12.jar;"/>
    <property name="sun.cpu.endian" value="little"/>
    <property name="user.home" value="C:\Users\DEEPA KHANNA"/>
    <property name="user.language" value="en"/>
    <property name="java.specification.vendor" value="Oracle Corporation"/>
    <property name="java.version.date" value="2019-09-17"/>
    <property name="java.home" value="C:\Program Files\Java\jdk-13"/>
    <property name="file.separator" value="\"/>
    <property name="basedir" value="F:\RestAssured\RestFramework2"/>
    <property name="java.vm.compressedOopsMode" value="32-bit"/>
    <property name="line.separator" value="&#10;"/>
    <property name="java.vm.specification.vendor" value="Oracle Corporation"/>
    <property name="java.specification.name" value="Java Platform API Specification"/>
    <property name="surefire.real.class.path" value="C:\Users\DEEPA KHANNA\AppData\Local\Temp\surefire1952051899914608441\surefirebooter3208620588966047666.jar"/>
    <property name="user.script" value=""/>
    <property name="sun.management.compiler" value="HotSpot 64-Bit Tiered Compilers"/>
    <property name="java.runtime.version" value="13+33"/>
    <property name="user.name" value="DEEPA KHANNA"/>
    <property name="path.separator" value=";"/>
    <property name="os.version" value="10.0"/>
    <property name="java.runtime.name" value="Java(TM) SE Runtime Environment"/>
    <property name="file.encoding" value="Cp1252"/>
    <property name="java.vm.name" value="Java HotSpot(TM) 64-Bit Server VM"/>
    <property name="localRepository" value="C:\Users\DEEPA KHANNA\.m2\repository"/>
    <property name="java.vendor.url.bug" value="https://bugreport.java.com/bugreport/"/>
    <property name="java.io.tmpdir" value="C:\Users\DEEPAK~1\AppData\Local\Temp\"/>
    <property name="java.version" value="13"/>
    <property name="user.dir" value="F:\RestAssured\RestFramework2"/>
    <property name="os.arch" value="amd64"/>
    <property name="java.vm.specification.name" value="Java Virtual Machine Specification"/>
    <property name="sun.os.patch.level" value=""/>
    <property name="java.library.path" value="C:\Program Files\Java\jdk-13\bin;C:\WINDOWS\Sun\Java\bin;C:\WINDOWS\system32;C:\WINDOWS;C:/Program Files/Java/jre1.8.0_231/bin/server;C:/Program Files/Java/jre1.8.0_231/bin;C:/Program Files/Java/jre1.8.0_231/lib/amd64;C:\Program Files (x86)\Common Files\Oracle\Java\javapath;C:\Program Files (x86)\Intel\iCLS Client\;C:\Program Files\Intel\iCLS Client\;C:\WINDOWS\system32;C:\WINDOWS;C:\WINDOWS\System32\Wbem;C:\WINDOWS\System32\WindowsPowerShell\v1.0\;C:\Program Files (x86)\Intel\OpenCL SDK\2.0\bin\x86;C:\Program Files (x86)\Intel\OpenCL SDK\2.0\bin\x64;C:\Program Files\Intel\Intel(R) Management Engine Components\DAL;C:\Program Files\Intel\Intel(R) Management Engine Components\IPT;C:\Program Files (x86)\Intel\Intel(R) Management Engine Components\DAL;C:\Program Files (x86)\Intel\Intel(R) Management Engine Components\IPT;\;C:\Program Files (x86)\Sony\VAIO Startup Setting Tool;C:\Program Files (x86)\Common Files\Apple\Internet Services\;C:\WINDOWS\System32\OpenSSH\;C:\Program Files\Java\jre1.8.0_221\bin;C:\Program Files\Java\jdk-13\bin;C:\Program Files\Git\cmd;C:\Users\DEEPA KHANNA\Desktop\DB setup and jar\New folder (2);C:\Program Files\apache-maven-3.6.2\bin;C:\Program Files\nodejs\;C:\Users\DEEPA KHANNA\AppData\Roaming\npm;F:\allure setup\allure-2.13.5\bin;C:\Users\DEEPA KHANNA\AppData\Local\Microsoft\WindowsApps;C:\Users\DEEPA KHANNA\AppData\Local\Programs\Microsoft VS Code\bin;C:\Users\DEEPA KHANNA\AppData\Roaming\npm;;F:\New folder\eclipse\eclipse;;."/>
    <property name="java.vm.info" value="mixed mode, sharing"/>
    <property name="java.vendor" value="Oracle Corporation"/>
    <property name="java.vm.version" value="13+33"/>
    <property name="sun.io.unicode.encoding" value="UnicodeLittle"/>
    <property name="java.class.version" value="57.0"/>
  </properties>
  <testcase name="deleteEmployee" classname="qa.auto.rest.tests.CrudTest" time="12.583">
    <system-out><![CDATA[{
    "status": "success",
    "data": "3",
    "message": "Successfully! Record has been deleted"
}
]]></system-out>
    <system-err><![CDATA[log4j:WARN No appenders could be found for logger (org.apache.http.impl.conn.BasicClientConnectionManager).
log4j:WARN Please initialize the log4j system properly.
log4j:WARN See http://logging.apache.org/log4j/1.2/faq.html#noconfig for more info.
]]></system-err>
  </testcase>
  <testcase name="getSingleEmployee" classname="qa.auto.rest.tests.CrudTest" time="2.405">
    <failure message="1 expectation failed.&#10;Expected status code &lt;200&gt; but was &lt;429&gt;.&#10;" type="java.lang.AssertionError"><![CDATA[java.lang.AssertionError: 
1 expectation failed.
Expected status code <200> but was <429>.

	at qa.auto.rest.tests.CrudTest.getSingleEmployee(CrudTest.java:53)
]]></failure>
    <system-out><![CDATA[<html lang="en">
  <head>
    <meta charset="utf-8"/>
    <script data-ezscrex="false" data-cfasync="false" data-pagespeed-no-defer="data-pagespeed-no-defer">var __ez=__ez||{};__ez.stms=Date.now();__ez.evt={};__ez.script={};__ez.ck=__ez.ck||{};__ez.template={};__ez.template.isOrig=false;__ez.queue=(function(){var count=0,incr=0,items=[],timeDelayFired=false,hpItems=[],lpItems=[],allowLoad=true;var obj={func:function(name,funcName,parameters,isBlock,blockedBy,deleteWhenComplete,proceedIfError){var self=this;this.name=name;this.funcName=funcName;this.parameters=parameters===null?null:(parameters instanceof Array)?parameters:[parameters];this.isBlock=isBlock;this.blockedBy=blockedBy;this.deleteWhenComplete=deleteWhenComplete;this.isError=false;this.isComplete=false;this.isInitialized=false;this.proceedIfError=proceedIfError;this.isTimeDelay=false;this.process=function(){log("... func = "+name);self.isInitialized=true;self.isComplete=true;log("... func.apply: "+name);var funcs=self.funcName.split('.');var func=null;if(funcs.length&gt;3){}else if(funcs.length===3){func=window[funcs[0]][funcs[1]][funcs[2]];}else if(funcs.length===2){func=window[funcs[0]][funcs[1]];}else{func=window[self.funcName];}
if(typeof func!=='undefined'&amp;&amp;func!==null){func.apply(null,this.parameters);}
if(self.deleteWhenComplete===true)delete items[name];if(self.isBlock===true){log("----- F'D: "+self.name);processAll();}}},file:function(name,path,isBlock,blockedBy,async,defer,proceedIfError){var self=this;this.name=name;this.path=path;this.async=async;this.defer=defer;this.isBlock=isBlock;this.blockedBy=blockedBy;this.isInitialized=false;this.isError=false;this.isComplete=false;this.proceedIfError=proceedIfError;this.isTimeDelay=false;this.process=function(){self.isInitialized=true;log("... file = "+name);var scr=document.createElement('script');scr.src=path;if(async===true)scr.async=true;else if(defer===true)scr.defer=true;scr.onerror=function(){log("----- ERR'D: "+self.name);self.isError=true;if(self.isBlock===true){processAll();}};scr.onreadystatechange=scr.onload=function(){var state=scr.readyState;log("----- F'D: "+self.name);if((!state||/loaded|complete/.test(state))){self.isComplete=true;if(self.isBlock===true){processAll();}}};document.getElementsByTagName('head')[0].appendChild(scr);}}};function init(){window.addEventListener("load",function(){setTimeout(function(){timeDelayFired=true;log('TDELAY -----');processAll();},5000);},false);}
function addFile(name,path,isBlock,blockedBy,async,defer,proceedIfError,priority){var item=new obj.file(name,path,isBlock,blockedBy,async,defer,proceedIfError);if(priority===true){hpItems[name]=item}else{lpItems[name]=item}
items[name]=item;checkIfBlocked(item);}
function setallowLoad(settobool){allowLoad=settobool}
function addFunc(name,func,parameters,isBlock,blockedBy,autoInc,deleteWhenComplete,proceedIfError,priority){if(autoInc===true)name=name+"_"+incr++;var item=new obj.func(name,func,parameters,isBlock,blockedBy,deleteWhenComplete,proceedIfError);if(priority===true){hpItems[name]=item}else{lpItems[name]=item}
items[name]=item;checkIfBlocked(item);}
function addTimeDelayFile(name,path){var item=new obj.file(name,path,false,[],false,false,true);item.isTimeDelay=true;log(name+' ... '+' FILE! TDELAY');lpItems[name]=item;items[name]=item;checkIfBlocked(item);}
function addTimeDelayFunc(name,func,parameters){var item=new obj.func(name,func,parameters,false,[],true,true);item.isTimeDelay=true;log(name+' ... '+' FUNCTION! TDELAY');lpItems[name]=item;items[name]=item;checkIfBlocked(item);}
function checkIfBlocked(item){if(isBlocked(item)===true||allowLoad==false)return;item.process();}
function isBlocked(item){if(item.isTimeDelay===true&amp;&amp;timeDelayFired===false){log(item.name+" blocked = TIME DELAY!");return true;}
if(item.blockedBy instanceof Array){for(var i=0;i&lt;item.blockedBy.length;i++){var block=item.blockedBy[i];if(items.hasOwnProperty(block)===false){log(item.name+" blocked = "+block);return true;}else if(item.proceedIfError===true&amp;&amp;items[block].isError===true){return false;}else if(items[block].isComplete===false){log(item.name+" blocked = "+block);return true;}}}
return false;}
function log(msg){var href=window.location.href;var reg=new RegExp('[?&amp;]ezq=([^&amp;#]*)','i');var string=reg.exec(href);var res=string?string[1]:null;if(res==="1")console.debug(msg);}
function processAll(){count++;if(count&gt;200)return;log("let's go");processItems(hpItems);processItems(lpItems);}
function processItems(list){for(var i in list){if(list.hasOwnProperty(i)===false)continue;var item=list[i];if(item.isComplete===true||isBlocked(item)||item.isInitialized===true||item.isError===true){if(item.isError===true){log(item.name+': error')}else if(item.isComplete===true){log(item.name+': complete already')}else if(item.isInitialized===true){log(item.name+': initialized already')}}else{item.process();}}}
init();return{addFile:addFile,addDelayFile:addTimeDelayFile,addFunc:addFunc,addDelayFunc:addTimeDelayFunc,items:items,processAll:processAll,setallowLoad:setallowLoad};})();__ez.evt.add=function(e,t,n){e.addEventListener?e.addEventListener(t,n,!1):e.attachEvent?e.attachEvent("on"+t,n):e["on"+t]=n()},__ez.evt.remove=function(e,t,n){e.removeEventListener?e.removeEventListener(t,n,!1):e.detachEvent?e.detachEvent("on"+t,n):delete e["on"+t]};__ez.script.add=function(e){var t=document.createElement("script");t.src=e,t.async=!0,t.type="text/javascript",document.getElementsByTagName("head")[0].appendChild(t)};__ez.queue.addFile('/detroitchicago/boise.js', '/detroitchicago/boise.js?gcb=191-6&amp;cb=1', false, [], true, false, true, false);__ez.dot={};__ez.queue.addFile('/detroitchicago/memphis.js', '/detroitchicago/memphis.js?gcb=191-6&amp;cb=1', false, [], true, false, true, false);__ez.queue.addFile('/detroitchicago/minneapolis.js', '/detroitchicago/minneapolis.js?gcb=191-6&amp;cb=1', false, [], true, false, true, false);__ez.vep=(function(){var pixels=[],pxURL="/detroitchicago/grapefruit.gif";function AddPixel(vID,pixelData){if(__ez.dot.isDefined(vID)&amp;&amp;__ez.dot.isValid(pixelData)){pixels.push({type:'video',video_impression_id:vID,domain_id:__ez.dot.getDID(),t_epoch:__ez.dot.getEpoch(0),data:__ez.dot.dataToStr(pixelData)});}}
function Fire(){if(typeof document.visibilityState!=='undefined'&amp;&amp;document.visibilityState==="prerender"){return;}
if(__ez.dot.isDefined(pixels)&amp;&amp;pixels.length&gt;0){while(pixels.length&gt;0){var j=5;if(j&gt;pixels.length){j=pixels.length;}
var pushPixels=pixels.splice(0,j);(new Image()).src=__ez.dot.getURL(pxURL)+"?orig="+(__ez.template.isOrig===true?1:0)+"&amp;v="+btoa(JSON.stringify(pushPixels));}}
pixels=[];}
return{Add:AddPixel,Fire:Fire};})();</script>
    <script data-ezscrex="false" data-cfasync="false" data-pagespeed-no-defer="data-pagespeed-no-defer">__ez.pel=(function(){var pixels=[],pxURL="/porpoiseant/army.gif";function AddAndFirePixel(adSlot,pixelData){AddPixel(adSlot,pixelData,0,0,0,0,0);Fire();}
function GetCurrentPixels(){return pixels;}
function AddPixel(adSlot,pixelData,revenue,est_revenue,bid_floor_filled,bid_floor_prev,stat_source_id){if(!__ez.dot.isDefined(adSlot)||__ez.dot.isAnyDefined(adSlot.getSlotElementId,adSlot.ElementId)==false){return;}
var ad_position_id=parseInt(__ez.dot.getTargeting(adSlot,'ap'));var impId=__ez.dot.getSlotIID(adSlot),adUnit=__ez.dot.getAdUnit(adSlot);var compId=parseInt(__ez.dot.getTargeting(adSlot,"compid"));var lineItemId=0;var creativeId=0;var ezimData=getEzimData(adSlot);if(typeof ezimData=='object'){if(ezimData.creative_id!==undefined){creativeId=ezimData.creative_id;}
if(ezimData.line_item_id!==undefined){lineItemId=ezimData.line_item_id;}}
if(__ez.dot.isDefined(impId,adUnit)&amp;&amp;__ez.dot.isValid(pixelData)){pixels.push({type:"impression",impression_id:impId,domain_id:__ez.dot.getDID(),unit:adUnit,t_epoch:__ez.dot.getEpoch(0),revenue:revenue,est_revenue:est_revenue,ad_position:ad_position_id,ad_size:"",bid_floor_filled:bid_floor_filled,bid_floor_prev:bid_floor_prev,stat_source_id:stat_source_id,country_code:__ez.dot.getCC(),pageview_id:__ez.dot.getPageviewId(),comp_id:compId,line_item_id:lineItemId,creative_id:creativeId,data:__ez.dot.dataToStr(pixelData)});}}
function AddPixelById(impFullId,pixelData){var vals=impFullId.split('/');if(__ez.dot.isDefined(impFullId)&amp;&amp;vals.length===3&amp;&amp;__ez.dot.isValid(pixelData)){var adUnit=vals[0],impId=vals[2];pixels.push({type:"impression",impression_id:impId,domain_id:__ez.dot.getDID(),unit:adUnit,t_epoch:__ez.dot.getEpoch(0),pageview_id:__ez.dot.getPageviewId(),data:__ez.dot.dataToStr(pixelData)});}}
function Fire(){if(typeof document.visibilityState!=='undefined'&amp;&amp;document.visibilityState==="prerender")return;if(__ez.dot.isDefined(pixels)&amp;&amp;pixels.length&gt;0){while(pixels.length&gt;0){var j=5;if(j&gt;pixels.length){j=pixels.length;}
var pushPixels=pixels.splice(0,j);var pixelURL=__ez.dot.getURL(pxURL)+"?orig="+(__ez.template.isOrig===true?1:0)+"&amp;sts="+btoa(JSON.stringify(pushPixels));if(typeof window.isAmp!=='undefined'&amp;&amp;isAmp&amp;&amp;typeof window._ezaq!=='undefined'&amp;&amp;_ezaq.hasOwnProperty("domain_id")){pixelURL+="&amp;visit_uuid="+_ezaq['visit_uuid'];}
(new Image()).src=pixelURL;}}
pixels=[];}
function getEzimData(adSlot){if(typeof _ezim_d=="undefined"){return false}
var adUnitName=__ez.dot.getAdUnitPath(adSlot).split('/').pop();if(typeof _ezim_d==='object'&amp;&amp;_ezim_d.hasOwnProperty(adUnitName)){return _ezim_d[adUnitName];}
for(var ezimKey in _ezim_d){if(ezimKey.split('/').pop()===adUnitName){return _ezim_d[ezimKey];}}
return false;}
return{Add:AddPixel,AddAndFire:AddAndFirePixel,AddById:AddPixelById,Fire:Fire,GetPixels:GetCurrentPixels,};})();__ez.queue.addFile('/detroitchicago/raleigh.js', '/detroitchicago/raleigh.js?gcb=191-6&amp;cb=1', false, [], true, false, true, false);__ez.queue.addFile('/detroitchicago/tampa.js', '/detroitchicago/tampa.js?gcb=191-6&amp;cb=1', false, [], true, false, true, false);</script>
    <script data-ezscrex="false" type="text/javascript" data-cfasync="false">var _ezaq = {"ad_cache_level":0,"ad_count_adjustment":0,"ad_lazyload_version":0,"ad_location_ids":"","ad_transform_level":0,"adx_ad_count":0,"bidder_method":1,"bidder_version":3,"city":"Mumbai","country":"IN","days_since_last_visit":-1,"display_ad_count":0,"domain_id":133674,"ds_adsize_opt_id":-1,"engaged_time_visit":0,"ezcache_level":1,"forensiq_score":-1,"form_factor_id":1,"framework_id":1,"has_bad_image":0,"has_bad_words":0,"iab_category":"","is_from_recommended_pages":false,"is_return_visitor":false,"is_sitespeed":0,"last_page_load":"","last_pageview_id":"","lt_cache_level":0,"max_ads":0,"metro_code":0,"optimization_version":1,"page_ad_positions":"","page_view_count":0,"page_view_id":"039f9cfb-1921-4916-5597-5152ced8870b","position_selection_id":0,"postal_code":"400070","pv_event_count":0,"response_time_orig":1216,"serverid":"13.232.247.47:25273","state":"MH","sub_page_ad_positions":"","t_epoch":1600003264,"template_id":0,"time_on_site_visit":0,"url":"http://dummy.restapiexample.com/api/v1/employee/5","user_id":0,"word_count":0,"worst_bad_word_level":0};var _ezim_d = null;var _ezat = {"domain_id":133674,"form_factor_id":1,"framework_id":1,"pageview_date":"2020-09-13","pageview_id":"039f9cfb-1921-4916-5597-5152ced8870b","template_id":0,"url":"http://dummy.restapiexample.com/api/v1/employee/5","visit_uuid":"d28b3015-ed35-45fb-4bce-18d45dd87cac"};</script>
    <script data-ezscrex="false" data-pagespeed-no-defer="data-pagespeed-no-defer" data-cfasync="false" type="text/javascript">__ez.queue.addFile('banger.js', '/porpoiseant/banger.js?cb=191-6&amp;bv=86&amp;v=35&amp;PageSpeed=off', true, [], true, false, false, true);</script>
    <script data-ezscrex="false" data-cfasync="false">(function(){if("function"===typeof window.CustomEvent)return!1;window.CustomEvent=function(c,a){a=a||{bubbles:!1,cancelable:!1,detail:null};var b=document.createEvent("CustomEvent");b.initCustomEvent(c,a.bubbles,a.cancelable,a.detail);return b}})();</script>
    <script data-ezscrex="false" data-cfasync="false">__ez.queue.addFile('/detroitchicago/tulsa.js', '/detroitchicago/tulsa.js?gcb=191-6&amp;cb=2', false, [], true, false, true, false);</script>
    <meta name="viewport" content="width=device-width, initial-scale=1"/>
    <title>Too Many Requests</title>
    <link rel="dns-prefetch" href="//fonts.gstatic.com"/>
    <link href="https://fonts.googleapis.com/css?family=Nunito" rel="stylesheet"/>
    <style>
            html, body {
                background-color: #fff;
                color: #636b6f;
                font-family: 'Nunito', sans-serif;
                font-weight: 100;
                height: 100vh;
                margin: 0;
            }

            .full-height {
                height: 100vh;
            }

            .flex-center {
                align-items: center;
                display: flex;
                justify-content: center;
            }

            .position-ref {
                position: relative;
            }

            .code {
                border-right: 2px solid;
                font-size: 26px;
                padding: 0 15px 0 15px;
                text-align: center;
            }

            .message {
                font-size: 18px;
                text-align: center;
            }
        </style>
    <script data-ezscrex="false" data-cfasync="false" type="text/javascript">window.google_analytics_uacct = "UA-131129777-14";</script>
    <script data-ezscrex="false" data-cfasync="false" type="text/javascript">
var _gaq = _gaq || [];
_gaq.push(['e._setAccount', 'UA-131129777-14']);
_gaq.push(['f._setAccount', 'UA-38339005-1']);
_gaq.push(['e._setDomainName', 'restapiexample.com']);
_gaq.push(['f._setDomainName', 'restapiexample.com']);
_gaq.push(['e._setCustomVar',1,'template','pub_site_noads',3]);
_gaq.push(['e._setCustomVar',2,'t','147',3]);
_gaq.push(['e._setCustomVar',3,'rid','0',2]);
_gaq.push(['e._setCustomVar',4,'bra','mod1',3]);
_gaq.push(['e._setAllowAnchor',true]);
_gaq.push(['e._setSiteSpeedSampleRate', 10]);
_gaq.push(['f._setCustomVar',1,'template','pub_site_noads',3]);
_gaq.push(['f._setCustomVar',2,'domain','restapiexample.com',3]);
_gaq.push(['f._setSiteSpeedSampleRate', 20]);
_gaq.push(['e._trackPageview']);
_gaq.push(['f._trackPageview']);


(function() {
 var ga = document.createElement('script'); ga.type = 'text/javascript'; ga.async = true;
 ga.src = ('https:' == document.location.protocol ? 'https://ssl' : 'http://www') + '.google-analytics.com/ga.js';
 var s = document.getElementsByTagName('script')[0]; s.parentNode.insertBefore(ga, s);
})();
</script>
    <script type="text/javascript">var ezouid = "1";</script>
    <base href="http://dummy.restapiexample.com/api/v1/employee/5"/>
    <script type="text/javascript">
var ezoTemplate = 'pub_site_noads';
if(typeof ezouid == 'undefined')
{
    var ezouid = 'none';
}
var ezoFormfactor = '1';
var ezo_elements_to_check = Array();
</script>
    <script data-ezscrex="false" type="text/javascript">
var soc_app_id = '0';
var did = 133674;
var ezdomain = 'restapiexample.com';
var ezoicSearchable = 1;
</script>
    <script data-ezscrex="false" data-pagespeed-no-defer="data-pagespeed-no-defer" data-cfasync="false" type="text/javascript" style="display:none">
__ez.queue.addFile('__ezf_ezosuigeneris', '//g.ezoic.net/ezosuigeneris.js', true, [], true, false, false, false);
var __ez_ezosuigenerisEvt = function() { if(typeof(ezosuigeneris) != 'undefined'){__ez.bit.AddAndFire(_ezaq['page_view_id'], [(new __ezDotData('universal_user_id', ezosuigeneris))]); }};
__ez.queue.addFunc('__ez_ezosuigenerisEvt', '__ez_ezosuigenerisEvt', null, false, ['__ezf_ezosuigeneris','/detroitchicago/minneapolis.js','/detroitchicago/memphis.js'], false, false, false, false);</script>
    <script data-ezscrex="false" data-pagespeed-no-defer="data-pagespeed-no-defer" data-cfasync="false" type="text/javascript" style="display:none">__ez.queue.addFile('__ezf_ezosuigenerisc', '//g.ezoic.net/ezosuigenerisc.js?nogen=1', true, ["/detroitchicago/boise.js"], true, false, false, false);</script>
    <script data-ezscrex="false" data-pagespeed-no-defer="data-pagespeed-no-defer" data-cfasync="false">
function create_ezolpl(pvID, rv) {
    var d = new Date();
    d.setTime(d.getTime() + (365*24*60*60*1000));
    var expires = "expires="+d.toUTCString();
    __ez.ck.setByCat("ezux_lpl_133674=" + new Date().getTime() + "|" + pvID + "|" + rv + "; " + expires, 3);
}
function attach_ezolpl(pvID, rv) {
    if (document.readyState === "complete") {
        create_ezolpl(pvID, rv);
    }
    if(window.attachEvent) {
        window.attachEvent("onload", create_ezolpl, pvID, rv);
    } else {
        if(window.onload) {
            var curronload = window.onload;
            var newonload = function(evt) {
                curronload(evt);
                create_ezolpl(pvID, rv);
            };
            window.onload = newonload;
        } else {
            window.onload = create_ezolpl.bind(null, pvID, rv);
        }
    }
}

__ez.queue.addFunc("attach_ezolpl", "attach_ezolpl", ["039f9cfb-1921-4916-5597-5152ced8870b", "false"], false, ['/detroitchicago/boise.js'], true, false, false, false);
</script>
  </head>
  <body>
    <div class="flex-center position-ref full-height">
      <div class="code">
                429            </div>
      <div class="message" style="padding: 10px;">
                Too Many Requests            </div>
    </div>
    <script type="text/javascript" style="display:none;">var __ez_dims = (function() {
		var setCookie = function( name, content, expiry ) {
			return document.cookie = name+'='+content+((expiry)?';expires='+(new Date(Math.floor(new Date().getTime()+expiry*1000)).toUTCString()):'')+';path=/';
		};
		var ffid = 1;
		var oh = window.screen.height;
		var ow = window.screen.width;
		var h = ffid === 1 ? oh : (oh &gt; ow) ? oh : ow;
		var w = ffid === 1 ? ow : (oh &gt; ow) ? ow : oh;
		var uh = window.innerHeight || document.documentElement.clientHeight || document.getElementsByTagName('body')[0].clientHeight;
		var uw = window.innerWidth || document.documentElement.clientWidth || document.getElementsByTagName('body')[0].clientWidth;
		setCookie('ezds', encodeURIComponent('ffid='+ffid+',w='+w+',h='+h), (31536e3*7));
		setCookie('ezohw', encodeURIComponent('w='+uw+',h='+uh), (31536e3*7));
	})();</script>
    <script type="text/javascript" style="display:none;" async="async">
__ez.queue.addFile('edmonton.php', '/detroitchicago/edmonton.webp?a=a&amp;cb=191-6&amp;shcb=34', true, ['/detroitchicago/minneapolis.js'], true, false, false, false);
__ez.queue.addFile('jellyfish.php', '/porpoiseant/jellyfish.webp?a=a&amp;cb=191-6&amp;shcb=34', false, [], true, false, false, false);
</script>
    <script type="text/javascript" data-cfasync="false"/>
  </body>
</html>
]]></system-out>
  </testcase>
</testsuite>